[2025-05-25 07:06:51] local.ERROR: SQLSTATE[HY000]: General error: 1364 Field 'kota' doesn't have a default value (SQL: insert into `wisata` () values ()) {"exception":"[object] (Illuminate\\Database\\QueryException(code: HY000): SQLSTATE[HY000]: General error: 1364 Field 'kota' doesn't have a default value (SQL: insert into `wisata` () values ()) at C:\\xampp\\htdocs\\json\\wisata\\vendor\\illuminate\\database\\Connection.php:760)
[stacktrace]
#0 C:\\xampp\\htdocs\\json\\wisata\\vendor\\illuminate\\database\\Connection.php(720): Illuminate\\Database\\Connection->runQueryCallback('insert into `wi...', Array, Object(Closure))
#1 C:\\xampp\\htdocs\\json\\wisata\\vendor\\illuminate\\database\\Connection.php(546): Illuminate\\Database\\Connection->run('insert into `wi...', Array, Object(Closure))
#2 C:\\xampp\\htdocs\\json\\wisata\\vendor\\illuminate\\database\\Connection.php(498): Illuminate\\Database\\Connection->statement('insert into `wi...', Array)
#3 C:\\xampp\\htdocs\\json\\wisata\\vendor\\illuminate\\database\\Query\\Processors\\Processor.php(32): Illuminate\\Database\\Connection->insert('insert into `wi...', Array)
#4 C:\\xampp\\htdocs\\json\\wisata\\vendor\\illuminate\\database\\Query\\Builder.php(3322): Illuminate\\Database\\Query\\Processors\\Processor->processInsertGetId(Object(Illuminate\\Database\\Query\\Builder), 'insert into `wi...', Array, 'id_wisata')
#5 C:\\xampp\\htdocs\\json\\wisata\\vendor\\illuminate\\database\\Eloquent\\Builder.php(1869): Illuminate\\Database\\Query\\Builder->insertGetId(Array, 'id_wisata')
#6 C:\\xampp\\htdocs\\json\\wisata\\vendor\\illuminate\\database\\Eloquent\\Model.php(1330): Illuminate\\Database\\Eloquent\\Builder->__call('insertGetId', Array)
#7 C:\\xampp\\htdocs\\json\\wisata\\vendor\\illuminate\\database\\Eloquent\\Model.php(1295): Illuminate\\Database\\Eloquent\\Model->insertAndSetId(Object(Illuminate\\Database\\Eloquent\\Builder), Array)
#8 C:\\xampp\\htdocs\\json\\wisata\\vendor\\illuminate\\database\\Eloquent\\Model.php(1138): Illuminate\\Database\\Eloquent\\Model->performInsert(Object(Illuminate\\Database\\Eloquent\\Builder))
#9 C:\\xampp\\htdocs\\json\\wisata\\vendor\\illuminate\\database\\Eloquent\\Builder.php(986): Illuminate\\Database\\Eloquent\\Model->save()
#10 C:\\xampp\\htdocs\\json\\wisata\\vendor\\illuminate\\support\\helpers.php(306): Illuminate\\Database\\Eloquent\\Builder->Illuminate\\Database\\Eloquent\\{closure}(Object(App\\Models\\Wisata))
#11 C:\\xampp\\htdocs\\json\\wisata\\vendor\\illuminate\\database\\Eloquent\\Builder.php(987): tap(Object(App\\Models\\Wisata), Object(Closure))
#12 C:\\xampp\\htdocs\\json\\wisata\\vendor\\illuminate\\support\\Traits\\ForwardsCalls.php(23): Illuminate\\Database\\Eloquent\\Builder->create(Array)
#13 C:\\xampp\\htdocs\\json\\wisata\\vendor\\illuminate\\database\\Eloquent\\Model.php(2330): Illuminate\\Database\\Eloquent\\Model->forwardCallTo(Object(Illuminate\\Database\\Eloquent\\Builder), 'create', Array)
#14 C:\\xampp\\htdocs\\json\\wisata\\vendor\\illuminate\\database\\Eloquent\\Model.php(2342): Illuminate\\Database\\Eloquent\\Model->__call('create', Array)
#15 C:\\xampp\\htdocs\\json\\wisata\\app\\Http\\Controllers\\WisataController.php(17): Illuminate\\Database\\Eloquent\\Model::__callStatic('create', Array)
#16 C:\\xampp\\htdocs\\json\\wisata\\vendor\\illuminate\\container\\BoundMethod.php(36): App\\Http\\Controllers\\WisataController->create(Object(Laravel\\Lumen\\Http\\Request))
#17 C:\\xampp\\htdocs\\json\\wisata\\vendor\\illuminate\\container\\Util.php(41): Illuminate\\Container\\BoundMethod::Illuminate\\Container\\{closure}()
#18 C:\\xampp\\htdocs\\json\\wisata\\vendor\\illuminate\\container\\BoundMethod.php(93): Illuminate\\Container\\Util::unwrapIfClosure(Object(Closure))
#19 C:\\xampp\\htdocs\\json\\wisata\\vendor\\illuminate\\container\\BoundMethod.php(37): Illuminate\\Container\\BoundMethod::callBoundMethod(Object(Laravel\\Lumen\\Application), Array, Object(Closure))
#20 C:\\xampp\\htdocs\\json\\wisata\\vendor\\illuminate\\container\\Container.php(661): Illuminate\\Container\\BoundMethod::call(Object(Laravel\\Lumen\\Application), Array, Array, NULL)
#21 C:\\xampp\\htdocs\\json\\wisata\\vendor\\laravel\\lumen-framework\\src\\Concerns\\RoutesRequests.php(391): Illuminate\\Container\\Container->call(Array, Array)
#22 C:\\xampp\\htdocs\\json\\wisata\\vendor\\laravel\\lumen-framework\\src\\Concerns\\RoutesRequests.php(357): Laravel\\Lumen\\Application->callControllerCallable(Array, Array)
#23 C:\\xampp\\htdocs\\json\\wisata\\vendor\\laravel\\lumen-framework\\src\\Concerns\\RoutesRequests.php(331): Laravel\\Lumen\\Application->callLumenController(Object(App\\Http\\Controllers\\WisataController), 'create', Array)
#24 C:\\xampp\\htdocs\\json\\wisata\\vendor\\laravel\\lumen-framework\\src\\Concerns\\RoutesRequests.php(284): Laravel\\Lumen\\Application->callControllerAction(Array)
#25 C:\\xampp\\htdocs\\json\\wisata\\vendor\\laravel\\lumen-framework\\src\\Concerns\\RoutesRequests.php(269): Laravel\\Lumen\\Application->callActionOnArrayBasedRoute(Array)
#26 C:\\xampp\\htdocs\\json\\wisata\\vendor\\laravel\\lumen-framework\\src\\Concerns\\RoutesRequests.php(171): Laravel\\Lumen\\Application->handleFoundRoute(Array)
#27 C:\\xampp\\htdocs\\json\\wisata\\vendor\\laravel\\lumen-framework\\src\\Concerns\\RoutesRequests.php(431): Laravel\\Lumen\\Application->Laravel\\Lumen\\Concerns\\{closure}(Object(Laravel\\Lumen\\Http\\Request))
#28 C:\\xampp\\htdocs\\json\\wisata\\vendor\\laravel\\lumen-framework\\src\\Concerns\\RoutesRequests.php(177): Laravel\\Lumen\\Application->sendThroughPipeline(Array, Object(Closure))
#29 C:\\xampp\\htdocs\\json\\wisata\\vendor\\laravel\\lumen-framework\\src\\Concerns\\RoutesRequests.php(112): Laravel\\Lumen\\Application->dispatch(NULL)
#30 C:\\xampp\\htdocs\\json\\wisata\\public\\index.php(28): Laravel\\Lumen\\Application->run()
#31 {main}

[previous exception] [object] (PDOException(code: HY000): SQLSTATE[HY000]: General error: 1364 Field 'kota' doesn't have a default value at C:\\xampp\\htdocs\\json\\wisata\\vendor\\illuminate\\database\\Connection.php:545)
[stacktrace]
#0 C:\\xampp\\htdocs\\json\\wisata\\vendor\\illuminate\\database\\Connection.php(545): PDOStatement->execute()
#1 C:\\xampp\\htdocs\\json\\wisata\\vendor\\illuminate\\database\\Connection.php(753): Illuminate\\Database\\Connection->Illuminate\\Database\\{closure}('insert into `wi...', Array)
#2 C:\\xampp\\htdocs\\json\\wisata\\vendor\\illuminate\\database\\Connection.php(720): Illuminate\\Database\\Connection->runQueryCallback('insert into `wi...', Array, Object(Closure))
#3 C:\\xampp\\htdocs\\json\\wisata\\vendor\\illuminate\\database\\Connection.php(546): Illuminate\\Database\\Connection->run('insert into `wi...', Array, Object(Closure))
#4 C:\\xampp\\htdocs\\json\\wisata\\vendor\\illuminate\\database\\Connection.php(498): Illuminate\\Database\\Connection->statement('insert into `wi...', Array)
#5 C:\\xampp\\htdocs\\json\\wisata\\vendor\\illuminate\\database\\Query\\Processors\\Processor.php(32): Illuminate\\Database\\Connection->insert('insert into `wi...', Array)
#6 C:\\xampp\\htdocs\\json\\wisata\\vendor\\illuminate\\database\\Query\\Builder.php(3322): Illuminate\\Database\\Query\\Processors\\Processor->processInsertGetId(Object(Illuminate\\Database\\Query\\Builder), 'insert into `wi...', Array, 'id_wisata')
#7 C:\\xampp\\htdocs\\json\\wisata\\vendor\\illuminate\\database\\Eloquent\\Builder.php(1869): Illuminate\\Database\\Query\\Builder->insertGetId(Array, 'id_wisata')
#8 C:\\xampp\\htdocs\\json\\wisata\\vendor\\illuminate\\database\\Eloquent\\Model.php(1330): Illuminate\\Database\\Eloquent\\Builder->__call('insertGetId', Array)
#9 C:\\xampp\\htdocs\\json\\wisata\\vendor\\illuminate\\database\\Eloquent\\Model.php(1295): Illuminate\\Database\\Eloquent\\Model->insertAndSetId(Object(Illuminate\\Database\\Eloquent\\Builder), Array)
#10 C:\\xampp\\htdocs\\json\\wisata\\vendor\\illuminate\\database\\Eloquent\\Model.php(1138): Illuminate\\Database\\Eloquent\\Model->performInsert(Object(Illuminate\\Database\\Eloquent\\Builder))
#11 C:\\xampp\\htdocs\\json\\wisata\\vendor\\illuminate\\database\\Eloquent\\Builder.php(986): Illuminate\\Database\\Eloquent\\Model->save()
#12 C:\\xampp\\htdocs\\json\\wisata\\vendor\\illuminate\\support\\helpers.php(306): Illuminate\\Database\\Eloquent\\Builder->Illuminate\\Database\\Eloquent\\{closure}(Object(App\\Models\\Wisata))
#13 C:\\xampp\\htdocs\\json\\wisata\\vendor\\illuminate\\database\\Eloquent\\Builder.php(987): tap(Object(App\\Models\\Wisata), Object(Closure))
#14 C:\\xampp\\htdocs\\json\\wisata\\vendor\\illuminate\\support\\Traits\\ForwardsCalls.php(23): Illuminate\\Database\\Eloquent\\Builder->create(Array)
#15 C:\\xampp\\htdocs\\json\\wisata\\vendor\\illuminate\\database\\Eloquent\\Model.php(2330): Illuminate\\Database\\Eloquent\\Model->forwardCallTo(Object(Illuminate\\Database\\Eloquent\\Builder), 'create', Array)
#16 C:\\xampp\\htdocs\\json\\wisata\\vendor\\illuminate\\database\\Eloquent\\Model.php(2342): Illuminate\\Database\\Eloquent\\Model->__call('create', Array)
#17 C:\\xampp\\htdocs\\json\\wisata\\app\\Http\\Controllers\\WisataController.php(17): Illuminate\\Database\\Eloquent\\Model::__callStatic('create', Array)
#18 C:\\xampp\\htdocs\\json\\wisata\\vendor\\illuminate\\container\\BoundMethod.php(36): App\\Http\\Controllers\\WisataController->create(Object(Laravel\\Lumen\\Http\\Request))
#19 C:\\xampp\\htdocs\\json\\wisata\\vendor\\illuminate\\container\\Util.php(41): Illuminate\\Container\\BoundMethod::Illuminate\\Container\\{closure}()
#20 C:\\xampp\\htdocs\\json\\wisata\\vendor\\illuminate\\container\\BoundMethod.php(93): Illuminate\\Container\\Util::unwrapIfClosure(Object(Closure))
#21 C:\\xampp\\htdocs\\json\\wisata\\vendor\\illuminate\\container\\BoundMethod.php(37): Illuminate\\Container\\BoundMethod::callBoundMethod(Object(Laravel\\Lumen\\Application), Array, Object(Closure))
#22 C:\\xampp\\htdocs\\json\\wisata\\vendor\\illuminate\\container\\Container.php(661): Illuminate\\Container\\BoundMethod::call(Object(Laravel\\Lumen\\Application), Array, Array, NULL)
#23 C:\\xampp\\htdocs\\json\\wisata\\vendor\\laravel\\lumen-framework\\src\\Concerns\\RoutesRequests.php(391): Illuminate\\Container\\Container->call(Array, Array)
#24 C:\\xampp\\htdocs\\json\\wisata\\vendor\\laravel\\lumen-framework\\src\\Concerns\\RoutesRequests.php(357): Laravel\\Lumen\\Application->callControllerCallable(Array, Array)
#25 C:\\xampp\\htdocs\\json\\wisata\\vendor\\laravel\\lumen-framework\\src\\Concerns\\RoutesRequests.php(331): Laravel\\Lumen\\Application->callLumenController(Object(App\\Http\\Controllers\\WisataController), 'create', Array)
#26 C:\\xampp\\htdocs\\json\\wisata\\vendor\\laravel\\lumen-framework\\src\\Concerns\\RoutesRequests.php(284): Laravel\\Lumen\\Application->callControllerAction(Array)
#27 C:\\xampp\\htdocs\\json\\wisata\\vendor\\laravel\\lumen-framework\\src\\Concerns\\RoutesRequests.php(269): Laravel\\Lumen\\Application->callActionOnArrayBasedRoute(Array)
#28 C:\\xampp\\htdocs\\json\\wisata\\vendor\\laravel\\lumen-framework\\src\\Concerns\\RoutesRequests.php(171): Laravel\\Lumen\\Application->handleFoundRoute(Array)
#29 C:\\xampp\\htdocs\\json\\wisata\\vendor\\laravel\\lumen-framework\\src\\Concerns\\RoutesRequests.php(431): Laravel\\Lumen\\Application->Laravel\\Lumen\\Concerns\\{closure}(Object(Laravel\\Lumen\\Http\\Request))
#30 C:\\xampp\\htdocs\\json\\wisata\\vendor\\laravel\\lumen-framework\\src\\Concerns\\RoutesRequests.php(177): Laravel\\Lumen\\Application->sendThroughPipeline(Array, Object(Closure))
#31 C:\\xampp\\htdocs\\json\\wisata\\vendor\\laravel\\lumen-framework\\src\\Concerns\\RoutesRequests.php(112): Laravel\\Lumen\\Application->dispatch(NULL)
#32 C:\\xampp\\htdocs\\json\\wisata\\public\\index.php(28): Laravel\\Lumen\\Application->run()
#33 {main}
"} 
[2025-05-25 07:10:52] local.ERROR: SQLSTATE[HY000]: General error: 1364 Field 'kota' doesn't have a default value (SQL: insert into `wisata` () values ()) {"exception":"[object] (Illuminate\\Database\\QueryException(code: HY000): SQLSTATE[HY000]: General error: 1364 Field 'kota' doesn't have a default value (SQL: insert into `wisata` () values ()) at C:\\xampp\\htdocs\\json\\wisata\\vendor\\illuminate\\database\\Connection.php:760)
[stacktrace]
#0 C:\\xampp\\htdocs\\json\\wisata\\vendor\\illuminate\\database\\Connection.php(720): Illuminate\\Database\\Connection->runQueryCallback('insert into `wi...', Array, Object(Closure))
#1 C:\\xampp\\htdocs\\json\\wisata\\vendor\\illuminate\\database\\Connection.php(546): Illuminate\\Database\\Connection->run('insert into `wi...', Array, Object(Closure))
#2 C:\\xampp\\htdocs\\json\\wisata\\vendor\\illuminate\\database\\Connection.php(498): Illuminate\\Database\\Connection->statement('insert into `wi...', Array)
#3 C:\\xampp\\htdocs\\json\\wisata\\vendor\\illuminate\\database\\Query\\Processors\\Processor.php(32): Illuminate\\Database\\Connection->insert('insert into `wi...', Array)
#4 C:\\xampp\\htdocs\\json\\wisata\\vendor\\illuminate\\database\\Query\\Builder.php(3322): Illuminate\\Database\\Query\\Processors\\Processor->processInsertGetId(Object(Illuminate\\Database\\Query\\Builder), 'insert into `wi...', Array, 'id_wisata')
#5 C:\\xampp\\htdocs\\json\\wisata\\vendor\\illuminate\\database\\Eloquent\\Builder.php(1869): Illuminate\\Database\\Query\\Builder->insertGetId(Array, 'id_wisata')
#6 C:\\xampp\\htdocs\\json\\wisata\\vendor\\illuminate\\database\\Eloquent\\Model.php(1330): Illuminate\\Database\\Eloquent\\Builder->__call('insertGetId', Array)
#7 C:\\xampp\\htdocs\\json\\wisata\\vendor\\illuminate\\database\\Eloquent\\Model.php(1295): Illuminate\\Database\\Eloquent\\Model->insertAndSetId(Object(Illuminate\\Database\\Eloquent\\Builder), Array)
#8 C:\\xampp\\htdocs\\json\\wisata\\vendor\\illuminate\\database\\Eloquent\\Model.php(1138): Illuminate\\Database\\Eloquent\\Model->performInsert(Object(Illuminate\\Database\\Eloquent\\Builder))
#9 C:\\xampp\\htdocs\\json\\wisata\\vendor\\illuminate\\database\\Eloquent\\Builder.php(986): Illuminate\\Database\\Eloquent\\Model->save()
#10 C:\\xampp\\htdocs\\json\\wisata\\vendor\\illuminate\\support\\helpers.php(306): Illuminate\\Database\\Eloquent\\Builder->Illuminate\\Database\\Eloquent\\{closure}(Object(App\\Models\\Wisata))
#11 C:\\xampp\\htdocs\\json\\wisata\\vendor\\illuminate\\database\\Eloquent\\Builder.php(987): tap(Object(App\\Models\\Wisata), Object(Closure))
#12 C:\\xampp\\htdocs\\json\\wisata\\vendor\\illuminate\\support\\Traits\\ForwardsCalls.php(23): Illuminate\\Database\\Eloquent\\Builder->create(Array)
#13 C:\\xampp\\htdocs\\json\\wisata\\vendor\\illuminate\\database\\Eloquent\\Model.php(2330): Illuminate\\Database\\Eloquent\\Model->forwardCallTo(Object(Illuminate\\Database\\Eloquent\\Builder), 'create', Array)
#14 C:\\xampp\\htdocs\\json\\wisata\\vendor\\illuminate\\database\\Eloquent\\Model.php(2342): Illuminate\\Database\\Eloquent\\Model->__call('create', Array)
#15 C:\\xampp\\htdocs\\json\\wisata\\app\\Http\\Controllers\\WisataController.php(17): Illuminate\\Database\\Eloquent\\Model::__callStatic('create', Array)
#16 C:\\xampp\\htdocs\\json\\wisata\\vendor\\illuminate\\container\\BoundMethod.php(36): App\\Http\\Controllers\\WisataController->create(Object(Laravel\\Lumen\\Http\\Request))
#17 C:\\xampp\\htdocs\\json\\wisata\\vendor\\illuminate\\container\\Util.php(41): Illuminate\\Container\\BoundMethod::Illuminate\\Container\\{closure}()
#18 C:\\xampp\\htdocs\\json\\wisata\\vendor\\illuminate\\container\\BoundMethod.php(93): Illuminate\\Container\\Util::unwrapIfClosure(Object(Closure))
#19 C:\\xampp\\htdocs\\json\\wisata\\vendor\\illuminate\\container\\BoundMethod.php(37): Illuminate\\Container\\BoundMethod::callBoundMethod(Object(Laravel\\Lumen\\Application), Array, Object(Closure))
#20 C:\\xampp\\htdocs\\json\\wisata\\vendor\\illuminate\\container\\Container.php(661): Illuminate\\Container\\BoundMethod::call(Object(Laravel\\Lumen\\Application), Array, Array, NULL)
#21 C:\\xampp\\htdocs\\json\\wisata\\vendor\\laravel\\lumen-framework\\src\\Concerns\\RoutesRequests.php(391): Illuminate\\Container\\Container->call(Array, Array)
#22 C:\\xampp\\htdocs\\json\\wisata\\vendor\\laravel\\lumen-framework\\src\\Concerns\\RoutesRequests.php(357): Laravel\\Lumen\\Application->callControllerCallable(Array, Array)
#23 C:\\xampp\\htdocs\\json\\wisata\\vendor\\laravel\\lumen-framework\\src\\Concerns\\RoutesRequests.php(331): Laravel\\Lumen\\Application->callLumenController(Object(App\\Http\\Controllers\\WisataController), 'create', Array)
#24 C:\\xampp\\htdocs\\json\\wisata\\vendor\\laravel\\lumen-framework\\src\\Concerns\\RoutesRequests.php(284): Laravel\\Lumen\\Application->callControllerAction(Array)
#25 C:\\xampp\\htdocs\\json\\wisata\\vendor\\laravel\\lumen-framework\\src\\Concerns\\RoutesRequests.php(269): Laravel\\Lumen\\Application->callActionOnArrayBasedRoute(Array)
#26 C:\\xampp\\htdocs\\json\\wisata\\vendor\\laravel\\lumen-framework\\src\\Concerns\\RoutesRequests.php(171): Laravel\\Lumen\\Application->handleFoundRoute(Array)
#27 C:\\xampp\\htdocs\\json\\wisata\\vendor\\laravel\\lumen-framework\\src\\Concerns\\RoutesRequests.php(431): Laravel\\Lumen\\Application->Laravel\\Lumen\\Concerns\\{closure}(Object(Laravel\\Lumen\\Http\\Request))
#28 C:\\xampp\\htdocs\\json\\wisata\\vendor\\laravel\\lumen-framework\\src\\Concerns\\RoutesRequests.php(177): Laravel\\Lumen\\Application->sendThroughPipeline(Array, Object(Closure))
#29 C:\\xampp\\htdocs\\json\\wisata\\vendor\\laravel\\lumen-framework\\src\\Concerns\\RoutesRequests.php(112): Laravel\\Lumen\\Application->dispatch(NULL)
#30 C:\\xampp\\htdocs\\json\\wisata\\public\\index.php(28): Laravel\\Lumen\\Application->run()
#31 {main}

[previous exception] [object] (PDOException(code: HY000): SQLSTATE[HY000]: General error: 1364 Field 'kota' doesn't have a default value at C:\\xampp\\htdocs\\json\\wisata\\vendor\\illuminate\\database\\Connection.php:545)
[stacktrace]
#0 C:\\xampp\\htdocs\\json\\wisata\\vendor\\illuminate\\database\\Connection.php(545): PDOStatement->execute()
#1 C:\\xampp\\htdocs\\json\\wisata\\vendor\\illuminate\\database\\Connection.php(753): Illuminate\\Database\\Connection->Illuminate\\Database\\{closure}('insert into `wi...', Array)
#2 C:\\xampp\\htdocs\\json\\wisata\\vendor\\illuminate\\database\\Connection.php(720): Illuminate\\Database\\Connection->runQueryCallback('insert into `wi...', Array, Object(Closure))
#3 C:\\xampp\\htdocs\\json\\wisata\\vendor\\illuminate\\database\\Connection.php(546): Illuminate\\Database\\Connection->run('insert into `wi...', Array, Object(Closure))
#4 C:\\xampp\\htdocs\\json\\wisata\\vendor\\illuminate\\database\\Connection.php(498): Illuminate\\Database\\Connection->statement('insert into `wi...', Array)
#5 C:\\xampp\\htdocs\\json\\wisata\\vendor\\illuminate\\database\\Query\\Processors\\Processor.php(32): Illuminate\\Database\\Connection->insert('insert into `wi...', Array)
#6 C:\\xampp\\htdocs\\json\\wisata\\vendor\\illuminate\\database\\Query\\Builder.php(3322): Illuminate\\Database\\Query\\Processors\\Processor->processInsertGetId(Object(Illuminate\\Database\\Query\\Builder), 'insert into `wi...', Array, 'id_wisata')
#7 C:\\xampp\\htdocs\\json\\wisata\\vendor\\illuminate\\database\\Eloquent\\Builder.php(1869): Illuminate\\Database\\Query\\Builder->insertGetId(Array, 'id_wisata')
#8 C:\\xampp\\htdocs\\json\\wisata\\vendor\\illuminate\\database\\Eloquent\\Model.php(1330): Illuminate\\Database\\Eloquent\\Builder->__call('insertGetId', Array)
#9 C:\\xampp\\htdocs\\json\\wisata\\vendor\\illuminate\\database\\Eloquent\\Model.php(1295): Illuminate\\Database\\Eloquent\\Model->insertAndSetId(Object(Illuminate\\Database\\Eloquent\\Builder), Array)
#10 C:\\xampp\\htdocs\\json\\wisata\\vendor\\illuminate\\database\\Eloquent\\Model.php(1138): Illuminate\\Database\\Eloquent\\Model->performInsert(Object(Illuminate\\Database\\Eloquent\\Builder))
#11 C:\\xampp\\htdocs\\json\\wisata\\vendor\\illuminate\\database\\Eloquent\\Builder.php(986): Illuminate\\Database\\Eloquent\\Model->save()
#12 C:\\xampp\\htdocs\\json\\wisata\\vendor\\illuminate\\support\\helpers.php(306): Illuminate\\Database\\Eloquent\\Builder->Illuminate\\Database\\Eloquent\\{closure}(Object(App\\Models\\Wisata))
#13 C:\\xampp\\htdocs\\json\\wisata\\vendor\\illuminate\\database\\Eloquent\\Builder.php(987): tap(Object(App\\Models\\Wisata), Object(Closure))
#14 C:\\xampp\\htdocs\\json\\wisata\\vendor\\illuminate\\support\\Traits\\ForwardsCalls.php(23): Illuminate\\Database\\Eloquent\\Builder->create(Array)
#15 C:\\xampp\\htdocs\\json\\wisata\\vendor\\illuminate\\database\\Eloquent\\Model.php(2330): Illuminate\\Database\\Eloquent\\Model->forwardCallTo(Object(Illuminate\\Database\\Eloquent\\Builder), 'create', Array)
#16 C:\\xampp\\htdocs\\json\\wisata\\vendor\\illuminate\\database\\Eloquent\\Model.php(2342): Illuminate\\Database\\Eloquent\\Model->__call('create', Array)
#17 C:\\xampp\\htdocs\\json\\wisata\\app\\Http\\Controllers\\WisataController.php(17): Illuminate\\Database\\Eloquent\\Model::__callStatic('create', Array)
#18 C:\\xampp\\htdocs\\json\\wisata\\vendor\\illuminate\\container\\BoundMethod.php(36): App\\Http\\Controllers\\WisataController->create(Object(Laravel\\Lumen\\Http\\Request))
#19 C:\\xampp\\htdocs\\json\\wisata\\vendor\\illuminate\\container\\Util.php(41): Illuminate\\Container\\BoundMethod::Illuminate\\Container\\{closure}()
#20 C:\\xampp\\htdocs\\json\\wisata\\vendor\\illuminate\\container\\BoundMethod.php(93): Illuminate\\Container\\Util::unwrapIfClosure(Object(Closure))
#21 C:\\xampp\\htdocs\\json\\wisata\\vendor\\illuminate\\container\\BoundMethod.php(37): Illuminate\\Container\\BoundMethod::callBoundMethod(Object(Laravel\\Lumen\\Application), Array, Object(Closure))
#22 C:\\xampp\\htdocs\\json\\wisata\\vendor\\illuminate\\container\\Container.php(661): Illuminate\\Container\\BoundMethod::call(Object(Laravel\\Lumen\\Application), Array, Array, NULL)
#23 C:\\xampp\\htdocs\\json\\wisata\\vendor\\laravel\\lumen-framework\\src\\Concerns\\RoutesRequests.php(391): Illuminate\\Container\\Container->call(Array, Array)
#24 C:\\xampp\\htdocs\\json\\wisata\\vendor\\laravel\\lumen-framework\\src\\Concerns\\RoutesRequests.php(357): Laravel\\Lumen\\Application->callControllerCallable(Array, Array)
#25 C:\\xampp\\htdocs\\json\\wisata\\vendor\\laravel\\lumen-framework\\src\\Concerns\\RoutesRequests.php(331): Laravel\\Lumen\\Application->callLumenController(Object(App\\Http\\Controllers\\WisataController), 'create', Array)
#26 C:\\xampp\\htdocs\\json\\wisata\\vendor\\laravel\\lumen-framework\\src\\Concerns\\RoutesRequests.php(284): Laravel\\Lumen\\Application->callControllerAction(Array)
#27 C:\\xampp\\htdocs\\json\\wisata\\vendor\\laravel\\lumen-framework\\src\\Concerns\\RoutesRequests.php(269): Laravel\\Lumen\\Application->callActionOnArrayBasedRoute(Array)
#28 C:\\xampp\\htdocs\\json\\wisata\\vendor\\laravel\\lumen-framework\\src\\Concerns\\RoutesRequests.php(171): Laravel\\Lumen\\Application->handleFoundRoute(Array)
#29 C:\\xampp\\htdocs\\json\\wisata\\vendor\\laravel\\lumen-framework\\src\\Concerns\\RoutesRequests.php(431): Laravel\\Lumen\\Application->Laravel\\Lumen\\Concerns\\{closure}(Object(Laravel\\Lumen\\Http\\Request))
#30 C:\\xampp\\htdocs\\json\\wisata\\vendor\\laravel\\lumen-framework\\src\\Concerns\\RoutesRequests.php(177): Laravel\\Lumen\\Application->sendThroughPipeline(Array, Object(Closure))
#31 C:\\xampp\\htdocs\\json\\wisata\\vendor\\laravel\\lumen-framework\\src\\Concerns\\RoutesRequests.php(112): Laravel\\Lumen\\Application->dispatch(NULL)
#32 C:\\xampp\\htdocs\\json\\wisata\\public\\index.php(28): Laravel\\Lumen\\Application->run()
#33 {main}
"} 
[2025-05-25 07:22:24] local.ERROR: SQLSTATE[HY000]: General error: 1364 Field 'kota' doesn't have a default value (SQL: insert into `wisata` () values ()) {"exception":"[object] (Illuminate\\Database\\QueryException(code: HY000): SQLSTATE[HY000]: General error: 1364 Field 'kota' doesn't have a default value (SQL: insert into `wisata` () values ()) at C:\\xampp\\htdocs\\json\\wisata\\vendor\\illuminate\\database\\Connection.php:760)
[stacktrace]
#0 C:\\xampp\\htdocs\\json\\wisata\\vendor\\illuminate\\database\\Connection.php(720): Illuminate\\Database\\Connection->runQueryCallback('insert into `wi...', Array, Object(Closure))
#1 C:\\xampp\\htdocs\\json\\wisata\\vendor\\illuminate\\database\\Connection.php(546): Illuminate\\Database\\Connection->run('insert into `wi...', Array, Object(Closure))
#2 C:\\xampp\\htdocs\\json\\wisata\\vendor\\illuminate\\database\\Connection.php(498): Illuminate\\Database\\Connection->statement('insert into `wi...', Array)
#3 C:\\xampp\\htdocs\\json\\wisata\\vendor\\illuminate\\database\\Query\\Processors\\Processor.php(32): Illuminate\\Database\\Connection->insert('insert into `wi...', Array)
#4 C:\\xampp\\htdocs\\json\\wisata\\vendor\\illuminate\\database\\Query\\Builder.php(3322): Illuminate\\Database\\Query\\Processors\\Processor->processInsertGetId(Object(Illuminate\\Database\\Query\\Builder), 'insert into `wi...', Array, 'id_wisata')
#5 C:\\xampp\\htdocs\\json\\wisata\\vendor\\illuminate\\database\\Eloquent\\Builder.php(1869): Illuminate\\Database\\Query\\Builder->insertGetId(Array, 'id_wisata')
#6 C:\\xampp\\htdocs\\json\\wisata\\vendor\\illuminate\\database\\Eloquent\\Model.php(1330): Illuminate\\Database\\Eloquent\\Builder->__call('insertGetId', Array)
#7 C:\\xampp\\htdocs\\json\\wisata\\vendor\\illuminate\\database\\Eloquent\\Model.php(1295): Illuminate\\Database\\Eloquent\\Model->insertAndSetId(Object(Illuminate\\Database\\Eloquent\\Builder), Array)
#8 C:\\xampp\\htdocs\\json\\wisata\\vendor\\illuminate\\database\\Eloquent\\Model.php(1138): Illuminate\\Database\\Eloquent\\Model->performInsert(Object(Illuminate\\Database\\Eloquent\\Builder))
#9 C:\\xampp\\htdocs\\json\\wisata\\vendor\\illuminate\\database\\Eloquent\\Builder.php(986): Illuminate\\Database\\Eloquent\\Model->save()
#10 C:\\xampp\\htdocs\\json\\wisata\\vendor\\illuminate\\support\\helpers.php(306): Illuminate\\Database\\Eloquent\\Builder->Illuminate\\Database\\Eloquent\\{closure}(Object(App\\Models\\Wisata))
#11 C:\\xampp\\htdocs\\json\\wisata\\vendor\\illuminate\\database\\Eloquent\\Builder.php(987): tap(Object(App\\Models\\Wisata), Object(Closure))
#12 C:\\xampp\\htdocs\\json\\wisata\\vendor\\illuminate\\support\\Traits\\ForwardsCalls.php(23): Illuminate\\Database\\Eloquent\\Builder->create(Array)
#13 C:\\xampp\\htdocs\\json\\wisata\\vendor\\illuminate\\database\\Eloquent\\Model.php(2330): Illuminate\\Database\\Eloquent\\Model->forwardCallTo(Object(Illuminate\\Database\\Eloquent\\Builder), 'create', Array)
#14 C:\\xampp\\htdocs\\json\\wisata\\vendor\\illuminate\\database\\Eloquent\\Model.php(2342): Illuminate\\Database\\Eloquent\\Model->__call('create', Array)
#15 C:\\xampp\\htdocs\\json\\wisata\\app\\Http\\Controllers\\WisataController.php(17): Illuminate\\Database\\Eloquent\\Model::__callStatic('create', Array)
#16 C:\\xampp\\htdocs\\json\\wisata\\vendor\\illuminate\\container\\BoundMethod.php(36): App\\Http\\Controllers\\WisataController->create(Object(Laravel\\Lumen\\Http\\Request))
#17 C:\\xampp\\htdocs\\json\\wisata\\vendor\\illuminate\\container\\Util.php(41): Illuminate\\Container\\BoundMethod::Illuminate\\Container\\{closure}()
#18 C:\\xampp\\htdocs\\json\\wisata\\vendor\\illuminate\\container\\BoundMethod.php(93): Illuminate\\Container\\Util::unwrapIfClosure(Object(Closure))
#19 C:\\xampp\\htdocs\\json\\wisata\\vendor\\illuminate\\container\\BoundMethod.php(37): Illuminate\\Container\\BoundMethod::callBoundMethod(Object(Laravel\\Lumen\\Application), Array, Object(Closure))
#20 C:\\xampp\\htdocs\\json\\wisata\\vendor\\illuminate\\container\\Container.php(661): Illuminate\\Container\\BoundMethod::call(Object(Laravel\\Lumen\\Application), Array, Array, NULL)
#21 C:\\xampp\\htdocs\\json\\wisata\\vendor\\laravel\\lumen-framework\\src\\Concerns\\RoutesRequests.php(391): Illuminate\\Container\\Container->call(Array, Array)
#22 C:\\xampp\\htdocs\\json\\wisata\\vendor\\laravel\\lumen-framework\\src\\Concerns\\RoutesRequests.php(357): Laravel\\Lumen\\Application->callControllerCallable(Array, Array)
#23 C:\\xampp\\htdocs\\json\\wisata\\vendor\\laravel\\lumen-framework\\src\\Concerns\\RoutesRequests.php(331): Laravel\\Lumen\\Application->callLumenController(Object(App\\Http\\Controllers\\WisataController), 'create', Array)
#24 C:\\xampp\\htdocs\\json\\wisata\\vendor\\laravel\\lumen-framework\\src\\Concerns\\RoutesRequests.php(284): Laravel\\Lumen\\Application->callControllerAction(Array)
#25 C:\\xampp\\htdocs\\json\\wisata\\vendor\\laravel\\lumen-framework\\src\\Concerns\\RoutesRequests.php(269): Laravel\\Lumen\\Application->callActionOnArrayBasedRoute(Array)
#26 C:\\xampp\\htdocs\\json\\wisata\\vendor\\laravel\\lumen-framework\\src\\Concerns\\RoutesRequests.php(171): Laravel\\Lumen\\Application->handleFoundRoute(Array)
#27 C:\\xampp\\htdocs\\json\\wisata\\vendor\\laravel\\lumen-framework\\src\\Concerns\\RoutesRequests.php(431): Laravel\\Lumen\\Application->Laravel\\Lumen\\Concerns\\{closure}(Object(Laravel\\Lumen\\Http\\Request))
#28 C:\\xampp\\htdocs\\json\\wisata\\vendor\\laravel\\lumen-framework\\src\\Concerns\\RoutesRequests.php(177): Laravel\\Lumen\\Application->sendThroughPipeline(Array, Object(Closure))
#29 C:\\xampp\\htdocs\\json\\wisata\\vendor\\laravel\\lumen-framework\\src\\Concerns\\RoutesRequests.php(112): Laravel\\Lumen\\Application->dispatch(NULL)
#30 C:\\xampp\\htdocs\\json\\wisata\\public\\index.php(28): Laravel\\Lumen\\Application->run()
#31 {main}

[previous exception] [object] (PDOException(code: HY000): SQLSTATE[HY000]: General error: 1364 Field 'kota' doesn't have a default value at C:\\xampp\\htdocs\\json\\wisata\\vendor\\illuminate\\database\\Connection.php:545)
[stacktrace]
#0 C:\\xampp\\htdocs\\json\\wisata\\vendor\\illuminate\\database\\Connection.php(545): PDOStatement->execute()
#1 C:\\xampp\\htdocs\\json\\wisata\\vendor\\illuminate\\database\\Connection.php(753): Illuminate\\Database\\Connection->Illuminate\\Database\\{closure}('insert into `wi...', Array)
#2 C:\\xampp\\htdocs\\json\\wisata\\vendor\\illuminate\\database\\Connection.php(720): Illuminate\\Database\\Connection->runQueryCallback('insert into `wi...', Array, Object(Closure))
#3 C:\\xampp\\htdocs\\json\\wisata\\vendor\\illuminate\\database\\Connection.php(546): Illuminate\\Database\\Connection->run('insert into `wi...', Array, Object(Closure))
#4 C:\\xampp\\htdocs\\json\\wisata\\vendor\\illuminate\\database\\Connection.php(498): Illuminate\\Database\\Connection->statement('insert into `wi...', Array)
#5 C:\\xampp\\htdocs\\json\\wisata\\vendor\\illuminate\\database\\Query\\Processors\\Processor.php(32): Illuminate\\Database\\Connection->insert('insert into `wi...', Array)
#6 C:\\xampp\\htdocs\\json\\wisata\\vendor\\illuminate\\database\\Query\\Builder.php(3322): Illuminate\\Database\\Query\\Processors\\Processor->processInsertGetId(Object(Illuminate\\Database\\Query\\Builder), 'insert into `wi...', Array, 'id_wisata')
#7 C:\\xampp\\htdocs\\json\\wisata\\vendor\\illuminate\\database\\Eloquent\\Builder.php(1869): Illuminate\\Database\\Query\\Builder->insertGetId(Array, 'id_wisata')
#8 C:\\xampp\\htdocs\\json\\wisata\\vendor\\illuminate\\database\\Eloquent\\Model.php(1330): Illuminate\\Database\\Eloquent\\Builder->__call('insertGetId', Array)
#9 C:\\xampp\\htdocs\\json\\wisata\\vendor\\illuminate\\database\\Eloquent\\Model.php(1295): Illuminate\\Database\\Eloquent\\Model->insertAndSetId(Object(Illuminate\\Database\\Eloquent\\Builder), Array)
#10 C:\\xampp\\htdocs\\json\\wisata\\vendor\\illuminate\\database\\Eloquent\\Model.php(1138): Illuminate\\Database\\Eloquent\\Model->performInsert(Object(Illuminate\\Database\\Eloquent\\Builder))
#11 C:\\xampp\\htdocs\\json\\wisata\\vendor\\illuminate\\database\\Eloquent\\Builder.php(986): Illuminate\\Database\\Eloquent\\Model->save()
#12 C:\\xampp\\htdocs\\json\\wisata\\vendor\\illuminate\\support\\helpers.php(306): Illuminate\\Database\\Eloquent\\Builder->Illuminate\\Database\\Eloquent\\{closure}(Object(App\\Models\\Wisata))
#13 C:\\xampp\\htdocs\\json\\wisata\\vendor\\illuminate\\database\\Eloquent\\Builder.php(987): tap(Object(App\\Models\\Wisata), Object(Closure))
#14 C:\\xampp\\htdocs\\json\\wisata\\vendor\\illuminate\\support\\Traits\\ForwardsCalls.php(23): Illuminate\\Database\\Eloquent\\Builder->create(Array)
#15 C:\\xampp\\htdocs\\json\\wisata\\vendor\\illuminate\\database\\Eloquent\\Model.php(2330): Illuminate\\Database\\Eloquent\\Model->forwardCallTo(Object(Illuminate\\Database\\Eloquent\\Builder), 'create', Array)
#16 C:\\xampp\\htdocs\\json\\wisata\\vendor\\illuminate\\database\\Eloquent\\Model.php(2342): Illuminate\\Database\\Eloquent\\Model->__call('create', Array)
#17 C:\\xampp\\htdocs\\json\\wisata\\app\\Http\\Controllers\\WisataController.php(17): Illuminate\\Database\\Eloquent\\Model::__callStatic('create', Array)
#18 C:\\xampp\\htdocs\\json\\wisata\\vendor\\illuminate\\container\\BoundMethod.php(36): App\\Http\\Controllers\\WisataController->create(Object(Laravel\\Lumen\\Http\\Request))
#19 C:\\xampp\\htdocs\\json\\wisata\\vendor\\illuminate\\container\\Util.php(41): Illuminate\\Container\\BoundMethod::Illuminate\\Container\\{closure}()
#20 C:\\xampp\\htdocs\\json\\wisata\\vendor\\illuminate\\container\\BoundMethod.php(93): Illuminate\\Container\\Util::unwrapIfClosure(Object(Closure))
#21 C:\\xampp\\htdocs\\json\\wisata\\vendor\\illuminate\\container\\BoundMethod.php(37): Illuminate\\Container\\BoundMethod::callBoundMethod(Object(Laravel\\Lumen\\Application), Array, Object(Closure))
#22 C:\\xampp\\htdocs\\json\\wisata\\vendor\\illuminate\\container\\Container.php(661): Illuminate\\Container\\BoundMethod::call(Object(Laravel\\Lumen\\Application), Array, Array, NULL)
#23 C:\\xampp\\htdocs\\json\\wisata\\vendor\\laravel\\lumen-framework\\src\\Concerns\\RoutesRequests.php(391): Illuminate\\Container\\Container->call(Array, Array)
#24 C:\\xampp\\htdocs\\json\\wisata\\vendor\\laravel\\lumen-framework\\src\\Concerns\\RoutesRequests.php(357): Laravel\\Lumen\\Application->callControllerCallable(Array, Array)
#25 C:\\xampp\\htdocs\\json\\wisata\\vendor\\laravel\\lumen-framework\\src\\Concerns\\RoutesRequests.php(331): Laravel\\Lumen\\Application->callLumenController(Object(App\\Http\\Controllers\\WisataController), 'create', Array)
#26 C:\\xampp\\htdocs\\json\\wisata\\vendor\\laravel\\lumen-framework\\src\\Concerns\\RoutesRequests.php(284): Laravel\\Lumen\\Application->callControllerAction(Array)
#27 C:\\xampp\\htdocs\\json\\wisata\\vendor\\laravel\\lumen-framework\\src\\Concerns\\RoutesRequests.php(269): Laravel\\Lumen\\Application->callActionOnArrayBasedRoute(Array)
#28 C:\\xampp\\htdocs\\json\\wisata\\vendor\\laravel\\lumen-framework\\src\\Concerns\\RoutesRequests.php(171): Laravel\\Lumen\\Application->handleFoundRoute(Array)
#29 C:\\xampp\\htdocs\\json\\wisata\\vendor\\laravel\\lumen-framework\\src\\Concerns\\RoutesRequests.php(431): Laravel\\Lumen\\Application->Laravel\\Lumen\\Concerns\\{closure}(Object(Laravel\\Lumen\\Http\\Request))
#30 C:\\xampp\\htdocs\\json\\wisata\\vendor\\laravel\\lumen-framework\\src\\Concerns\\RoutesRequests.php(177): Laravel\\Lumen\\Application->sendThroughPipeline(Array, Object(Closure))
#31 C:\\xampp\\htdocs\\json\\wisata\\vendor\\laravel\\lumen-framework\\src\\Concerns\\RoutesRequests.php(112): Laravel\\Lumen\\Application->dispatch(NULL)
#32 C:\\xampp\\htdocs\\json\\wisata\\public\\index.php(28): Laravel\\Lumen\\Application->run()
#33 {main}
"} 
[2025-05-25 07:22:33] local.ERROR: SQLSTATE[HY000]: General error: 1364 Field 'kota' doesn't have a default value (SQL: insert into `wisata` () values ()) {"exception":"[object] (Illuminate\\Database\\QueryException(code: HY000): SQLSTATE[HY000]: General error: 1364 Field 'kota' doesn't have a default value (SQL: insert into `wisata` () values ()) at C:\\xampp\\htdocs\\json\\wisata\\vendor\\illuminate\\database\\Connection.php:760)
[stacktrace]
#0 C:\\xampp\\htdocs\\json\\wisata\\vendor\\illuminate\\database\\Connection.php(720): Illuminate\\Database\\Connection->runQueryCallback('insert into `wi...', Array, Object(Closure))
#1 C:\\xampp\\htdocs\\json\\wisata\\vendor\\illuminate\\database\\Connection.php(546): Illuminate\\Database\\Connection->run('insert into `wi...', Array, Object(Closure))
#2 C:\\xampp\\htdocs\\json\\wisata\\vendor\\illuminate\\database\\Connection.php(498): Illuminate\\Database\\Connection->statement('insert into `wi...', Array)
#3 C:\\xampp\\htdocs\\json\\wisata\\vendor\\illuminate\\database\\Query\\Processors\\Processor.php(32): Illuminate\\Database\\Connection->insert('insert into `wi...', Array)
#4 C:\\xampp\\htdocs\\json\\wisata\\vendor\\illuminate\\database\\Query\\Builder.php(3322): Illuminate\\Database\\Query\\Processors\\Processor->processInsertGetId(Object(Illuminate\\Database\\Query\\Builder), 'insert into `wi...', Array, 'id_wisata')
#5 C:\\xampp\\htdocs\\json\\wisata\\vendor\\illuminate\\database\\Eloquent\\Builder.php(1869): Illuminate\\Database\\Query\\Builder->insertGetId(Array, 'id_wisata')
#6 C:\\xampp\\htdocs\\json\\wisata\\vendor\\illuminate\\database\\Eloquent\\Model.php(1330): Illuminate\\Database\\Eloquent\\Builder->__call('insertGetId', Array)
#7 C:\\xampp\\htdocs\\json\\wisata\\vendor\\illuminate\\database\\Eloquent\\Model.php(1295): Illuminate\\Database\\Eloquent\\Model->insertAndSetId(Object(Illuminate\\Database\\Eloquent\\Builder), Array)
#8 C:\\xampp\\htdocs\\json\\wisata\\vendor\\illuminate\\database\\Eloquent\\Model.php(1138): Illuminate\\Database\\Eloquent\\Model->performInsert(Object(Illuminate\\Database\\Eloquent\\Builder))
#9 C:\\xampp\\htdocs\\json\\wisata\\vendor\\illuminate\\database\\Eloquent\\Builder.php(986): Illuminate\\Database\\Eloquent\\Model->save()
#10 C:\\xampp\\htdocs\\json\\wisata\\vendor\\illuminate\\support\\helpers.php(306): Illuminate\\Database\\Eloquent\\Builder->Illuminate\\Database\\Eloquent\\{closure}(Object(App\\Models\\Wisata))
#11 C:\\xampp\\htdocs\\json\\wisata\\vendor\\illuminate\\database\\Eloquent\\Builder.php(987): tap(Object(App\\Models\\Wisata), Object(Closure))
#12 C:\\xampp\\htdocs\\json\\wisata\\vendor\\illuminate\\support\\Traits\\ForwardsCalls.php(23): Illuminate\\Database\\Eloquent\\Builder->create(Array)
#13 C:\\xampp\\htdocs\\json\\wisata\\vendor\\illuminate\\database\\Eloquent\\Model.php(2330): Illuminate\\Database\\Eloquent\\Model->forwardCallTo(Object(Illuminate\\Database\\Eloquent\\Builder), 'create', Array)
#14 C:\\xampp\\htdocs\\json\\wisata\\vendor\\illuminate\\database\\Eloquent\\Model.php(2342): Illuminate\\Database\\Eloquent\\Model->__call('create', Array)
#15 C:\\xampp\\htdocs\\json\\wisata\\app\\Http\\Controllers\\WisataController.php(17): Illuminate\\Database\\Eloquent\\Model::__callStatic('create', Array)
#16 C:\\xampp\\htdocs\\json\\wisata\\vendor\\illuminate\\container\\BoundMethod.php(36): App\\Http\\Controllers\\WisataController->create(Object(Laravel\\Lumen\\Http\\Request))
#17 C:\\xampp\\htdocs\\json\\wisata\\vendor\\illuminate\\container\\Util.php(41): Illuminate\\Container\\BoundMethod::Illuminate\\Container\\{closure}()
#18 C:\\xampp\\htdocs\\json\\wisata\\vendor\\illuminate\\container\\BoundMethod.php(93): Illuminate\\Container\\Util::unwrapIfClosure(Object(Closure))
#19 C:\\xampp\\htdocs\\json\\wisata\\vendor\\illuminate\\container\\BoundMethod.php(37): Illuminate\\Container\\BoundMethod::callBoundMethod(Object(Laravel\\Lumen\\Application), Array, Object(Closure))
#20 C:\\xampp\\htdocs\\json\\wisata\\vendor\\illuminate\\container\\Container.php(661): Illuminate\\Container\\BoundMethod::call(Object(Laravel\\Lumen\\Application), Array, Array, NULL)
#21 C:\\xampp\\htdocs\\json\\wisata\\vendor\\laravel\\lumen-framework\\src\\Concerns\\RoutesRequests.php(391): Illuminate\\Container\\Container->call(Array, Array)
#22 C:\\xampp\\htdocs\\json\\wisata\\vendor\\laravel\\lumen-framework\\src\\Concerns\\RoutesRequests.php(357): Laravel\\Lumen\\Application->callControllerCallable(Array, Array)
#23 C:\\xampp\\htdocs\\json\\wisata\\vendor\\laravel\\lumen-framework\\src\\Concerns\\RoutesRequests.php(331): Laravel\\Lumen\\Application->callLumenController(Object(App\\Http\\Controllers\\WisataController), 'create', Array)
#24 C:\\xampp\\htdocs\\json\\wisata\\vendor\\laravel\\lumen-framework\\src\\Concerns\\RoutesRequests.php(284): Laravel\\Lumen\\Application->callControllerAction(Array)
#25 C:\\xampp\\htdocs\\json\\wisata\\vendor\\laravel\\lumen-framework\\src\\Concerns\\RoutesRequests.php(269): Laravel\\Lumen\\Application->callActionOnArrayBasedRoute(Array)
#26 C:\\xampp\\htdocs\\json\\wisata\\vendor\\laravel\\lumen-framework\\src\\Concerns\\RoutesRequests.php(171): Laravel\\Lumen\\Application->handleFoundRoute(Array)
#27 C:\\xampp\\htdocs\\json\\wisata\\vendor\\laravel\\lumen-framework\\src\\Concerns\\RoutesRequests.php(431): Laravel\\Lumen\\Application->Laravel\\Lumen\\Concerns\\{closure}(Object(Laravel\\Lumen\\Http\\Request))
#28 C:\\xampp\\htdocs\\json\\wisata\\vendor\\laravel\\lumen-framework\\src\\Concerns\\RoutesRequests.php(177): Laravel\\Lumen\\Application->sendThroughPipeline(Array, Object(Closure))
#29 C:\\xampp\\htdocs\\json\\wisata\\vendor\\laravel\\lumen-framework\\src\\Concerns\\RoutesRequests.php(112): Laravel\\Lumen\\Application->dispatch(NULL)
#30 C:\\xampp\\htdocs\\json\\wisata\\public\\index.php(28): Laravel\\Lumen\\Application->run()
#31 {main}

[previous exception] [object] (PDOException(code: HY000): SQLSTATE[HY000]: General error: 1364 Field 'kota' doesn't have a default value at C:\\xampp\\htdocs\\json\\wisata\\vendor\\illuminate\\database\\Connection.php:545)
[stacktrace]
#0 C:\\xampp\\htdocs\\json\\wisata\\vendor\\illuminate\\database\\Connection.php(545): PDOStatement->execute()
#1 C:\\xampp\\htdocs\\json\\wisata\\vendor\\illuminate\\database\\Connection.php(753): Illuminate\\Database\\Connection->Illuminate\\Database\\{closure}('insert into `wi...', Array)
#2 C:\\xampp\\htdocs\\json\\wisata\\vendor\\illuminate\\database\\Connection.php(720): Illuminate\\Database\\Connection->runQueryCallback('insert into `wi...', Array, Object(Closure))
#3 C:\\xampp\\htdocs\\json\\wisata\\vendor\\illuminate\\database\\Connection.php(546): Illuminate\\Database\\Connection->run('insert into `wi...', Array, Object(Closure))
#4 C:\\xampp\\htdocs\\json\\wisata\\vendor\\illuminate\\database\\Connection.php(498): Illuminate\\Database\\Connection->statement('insert into `wi...', Array)
#5 C:\\xampp\\htdocs\\json\\wisata\\vendor\\illuminate\\database\\Query\\Processors\\Processor.php(32): Illuminate\\Database\\Connection->insert('insert into `wi...', Array)
#6 C:\\xampp\\htdocs\\json\\wisata\\vendor\\illuminate\\database\\Query\\Builder.php(3322): Illuminate\\Database\\Query\\Processors\\Processor->processInsertGetId(Object(Illuminate\\Database\\Query\\Builder), 'insert into `wi...', Array, 'id_wisata')
#7 C:\\xampp\\htdocs\\json\\wisata\\vendor\\illuminate\\database\\Eloquent\\Builder.php(1869): Illuminate\\Database\\Query\\Builder->insertGetId(Array, 'id_wisata')
#8 C:\\xampp\\htdocs\\json\\wisata\\vendor\\illuminate\\database\\Eloquent\\Model.php(1330): Illuminate\\Database\\Eloquent\\Builder->__call('insertGetId', Array)
#9 C:\\xampp\\htdocs\\json\\wisata\\vendor\\illuminate\\database\\Eloquent\\Model.php(1295): Illuminate\\Database\\Eloquent\\Model->insertAndSetId(Object(Illuminate\\Database\\Eloquent\\Builder), Array)
#10 C:\\xampp\\htdocs\\json\\wisata\\vendor\\illuminate\\database\\Eloquent\\Model.php(1138): Illuminate\\Database\\Eloquent\\Model->performInsert(Object(Illuminate\\Database\\Eloquent\\Builder))
#11 C:\\xampp\\htdocs\\json\\wisata\\vendor\\illuminate\\database\\Eloquent\\Builder.php(986): Illuminate\\Database\\Eloquent\\Model->save()
#12 C:\\xampp\\htdocs\\json\\wisata\\vendor\\illuminate\\support\\helpers.php(306): Illuminate\\Database\\Eloquent\\Builder->Illuminate\\Database\\Eloquent\\{closure}(Object(App\\Models\\Wisata))
#13 C:\\xampp\\htdocs\\json\\wisata\\vendor\\illuminate\\database\\Eloquent\\Builder.php(987): tap(Object(App\\Models\\Wisata), Object(Closure))
#14 C:\\xampp\\htdocs\\json\\wisata\\vendor\\illuminate\\support\\Traits\\ForwardsCalls.php(23): Illuminate\\Database\\Eloquent\\Builder->create(Array)
#15 C:\\xampp\\htdocs\\json\\wisata\\vendor\\illuminate\\database\\Eloquent\\Model.php(2330): Illuminate\\Database\\Eloquent\\Model->forwardCallTo(Object(Illuminate\\Database\\Eloquent\\Builder), 'create', Array)
#16 C:\\xampp\\htdocs\\json\\wisata\\vendor\\illuminate\\database\\Eloquent\\Model.php(2342): Illuminate\\Database\\Eloquent\\Model->__call('create', Array)
#17 C:\\xampp\\htdocs\\json\\wisata\\app\\Http\\Controllers\\WisataController.php(17): Illuminate\\Database\\Eloquent\\Model::__callStatic('create', Array)
#18 C:\\xampp\\htdocs\\json\\wisata\\vendor\\illuminate\\container\\BoundMethod.php(36): App\\Http\\Controllers\\WisataController->create(Object(Laravel\\Lumen\\Http\\Request))
#19 C:\\xampp\\htdocs\\json\\wisata\\vendor\\illuminate\\container\\Util.php(41): Illuminate\\Container\\BoundMethod::Illuminate\\Container\\{closure}()
#20 C:\\xampp\\htdocs\\json\\wisata\\vendor\\illuminate\\container\\BoundMethod.php(93): Illuminate\\Container\\Util::unwrapIfClosure(Object(Closure))
#21 C:\\xampp\\htdocs\\json\\wisata\\vendor\\illuminate\\container\\BoundMethod.php(37): Illuminate\\Container\\BoundMethod::callBoundMethod(Object(Laravel\\Lumen\\Application), Array, Object(Closure))
#22 C:\\xampp\\htdocs\\json\\wisata\\vendor\\illuminate\\container\\Container.php(661): Illuminate\\Container\\BoundMethod::call(Object(Laravel\\Lumen\\Application), Array, Array, NULL)
#23 C:\\xampp\\htdocs\\json\\wisata\\vendor\\laravel\\lumen-framework\\src\\Concerns\\RoutesRequests.php(391): Illuminate\\Container\\Container->call(Array, Array)
#24 C:\\xampp\\htdocs\\json\\wisata\\vendor\\laravel\\lumen-framework\\src\\Concerns\\RoutesRequests.php(357): Laravel\\Lumen\\Application->callControllerCallable(Array, Array)
#25 C:\\xampp\\htdocs\\json\\wisata\\vendor\\laravel\\lumen-framework\\src\\Concerns\\RoutesRequests.php(331): Laravel\\Lumen\\Application->callLumenController(Object(App\\Http\\Controllers\\WisataController), 'create', Array)
#26 C:\\xampp\\htdocs\\json\\wisata\\vendor\\laravel\\lumen-framework\\src\\Concerns\\RoutesRequests.php(284): Laravel\\Lumen\\Application->callControllerAction(Array)
#27 C:\\xampp\\htdocs\\json\\wisata\\vendor\\laravel\\lumen-framework\\src\\Concerns\\RoutesRequests.php(269): Laravel\\Lumen\\Application->callActionOnArrayBasedRoute(Array)
#28 C:\\xampp\\htdocs\\json\\wisata\\vendor\\laravel\\lumen-framework\\src\\Concerns\\RoutesRequests.php(171): Laravel\\Lumen\\Application->handleFoundRoute(Array)
#29 C:\\xampp\\htdocs\\json\\wisata\\vendor\\laravel\\lumen-framework\\src\\Concerns\\RoutesRequests.php(431): Laravel\\Lumen\\Application->Laravel\\Lumen\\Concerns\\{closure}(Object(Laravel\\Lumen\\Http\\Request))
#30 C:\\xampp\\htdocs\\json\\wisata\\vendor\\laravel\\lumen-framework\\src\\Concerns\\RoutesRequests.php(177): Laravel\\Lumen\\Application->sendThroughPipeline(Array, Object(Closure))
#31 C:\\xampp\\htdocs\\json\\wisata\\vendor\\laravel\\lumen-framework\\src\\Concerns\\RoutesRequests.php(112): Laravel\\Lumen\\Application->dispatch(NULL)
#32 C:\\xampp\\htdocs\\json\\wisata\\public\\index.php(28): Laravel\\Lumen\\Application->run()
#33 {main}
"} 
[2025-05-25 07:22:42] local.ERROR: SQLSTATE[HY000]: General error: 1364 Field 'kota' doesn't have a default value (SQL: insert into `wisata` () values ()) {"exception":"[object] (Illuminate\\Database\\QueryException(code: HY000): SQLSTATE[HY000]: General error: 1364 Field 'kota' doesn't have a default value (SQL: insert into `wisata` () values ()) at C:\\xampp\\htdocs\\json\\wisata\\vendor\\illuminate\\database\\Connection.php:760)
[stacktrace]
#0 C:\\xampp\\htdocs\\json\\wisata\\vendor\\illuminate\\database\\Connection.php(720): Illuminate\\Database\\Connection->runQueryCallback('insert into `wi...', Array, Object(Closure))
#1 C:\\xampp\\htdocs\\json\\wisata\\vendor\\illuminate\\database\\Connection.php(546): Illuminate\\Database\\Connection->run('insert into `wi...', Array, Object(Closure))
#2 C:\\xampp\\htdocs\\json\\wisata\\vendor\\illuminate\\database\\Connection.php(498): Illuminate\\Database\\Connection->statement('insert into `wi...', Array)
#3 C:\\xampp\\htdocs\\json\\wisata\\vendor\\illuminate\\database\\Query\\Processors\\Processor.php(32): Illuminate\\Database\\Connection->insert('insert into `wi...', Array)
#4 C:\\xampp\\htdocs\\json\\wisata\\vendor\\illuminate\\database\\Query\\Builder.php(3322): Illuminate\\Database\\Query\\Processors\\Processor->processInsertGetId(Object(Illuminate\\Database\\Query\\Builder), 'insert into `wi...', Array, 'id_wisata')
#5 C:\\xampp\\htdocs\\json\\wisata\\vendor\\illuminate\\database\\Eloquent\\Builder.php(1869): Illuminate\\Database\\Query\\Builder->insertGetId(Array, 'id_wisata')
#6 C:\\xampp\\htdocs\\json\\wisata\\vendor\\illuminate\\database\\Eloquent\\Model.php(1330): Illuminate\\Database\\Eloquent\\Builder->__call('insertGetId', Array)
#7 C:\\xampp\\htdocs\\json\\wisata\\vendor\\illuminate\\database\\Eloquent\\Model.php(1295): Illuminate\\Database\\Eloquent\\Model->insertAndSetId(Object(Illuminate\\Database\\Eloquent\\Builder), Array)
#8 C:\\xampp\\htdocs\\json\\wisata\\vendor\\illuminate\\database\\Eloquent\\Model.php(1138): Illuminate\\Database\\Eloquent\\Model->performInsert(Object(Illuminate\\Database\\Eloquent\\Builder))
#9 C:\\xampp\\htdocs\\json\\wisata\\vendor\\illuminate\\database\\Eloquent\\Builder.php(986): Illuminate\\Database\\Eloquent\\Model->save()
#10 C:\\xampp\\htdocs\\json\\wisata\\vendor\\illuminate\\support\\helpers.php(306): Illuminate\\Database\\Eloquent\\Builder->Illuminate\\Database\\Eloquent\\{closure}(Object(App\\Models\\Wisata))
#11 C:\\xampp\\htdocs\\json\\wisata\\vendor\\illuminate\\database\\Eloquent\\Builder.php(987): tap(Object(App\\Models\\Wisata), Object(Closure))
#12 C:\\xampp\\htdocs\\json\\wisata\\vendor\\illuminate\\support\\Traits\\ForwardsCalls.php(23): Illuminate\\Database\\Eloquent\\Builder->create(Array)
#13 C:\\xampp\\htdocs\\json\\wisata\\vendor\\illuminate\\database\\Eloquent\\Model.php(2330): Illuminate\\Database\\Eloquent\\Model->forwardCallTo(Object(Illuminate\\Database\\Eloquent\\Builder), 'create', Array)
#14 C:\\xampp\\htdocs\\json\\wisata\\vendor\\illuminate\\database\\Eloquent\\Model.php(2342): Illuminate\\Database\\Eloquent\\Model->__call('create', Array)
#15 C:\\xampp\\htdocs\\json\\wisata\\app\\Http\\Controllers\\WisataController.php(17): Illuminate\\Database\\Eloquent\\Model::__callStatic('create', Array)
#16 C:\\xampp\\htdocs\\json\\wisata\\vendor\\illuminate\\container\\BoundMethod.php(36): App\\Http\\Controllers\\WisataController->create(Object(Laravel\\Lumen\\Http\\Request))
#17 C:\\xampp\\htdocs\\json\\wisata\\vendor\\illuminate\\container\\Util.php(41): Illuminate\\Container\\BoundMethod::Illuminate\\Container\\{closure}()
#18 C:\\xampp\\htdocs\\json\\wisata\\vendor\\illuminate\\container\\BoundMethod.php(93): Illuminate\\Container\\Util::unwrapIfClosure(Object(Closure))
#19 C:\\xampp\\htdocs\\json\\wisata\\vendor\\illuminate\\container\\BoundMethod.php(37): Illuminate\\Container\\BoundMethod::callBoundMethod(Object(Laravel\\Lumen\\Application), Array, Object(Closure))
#20 C:\\xampp\\htdocs\\json\\wisata\\vendor\\illuminate\\container\\Container.php(661): Illuminate\\Container\\BoundMethod::call(Object(Laravel\\Lumen\\Application), Array, Array, NULL)
#21 C:\\xampp\\htdocs\\json\\wisata\\vendor\\laravel\\lumen-framework\\src\\Concerns\\RoutesRequests.php(391): Illuminate\\Container\\Container->call(Array, Array)
#22 C:\\xampp\\htdocs\\json\\wisata\\vendor\\laravel\\lumen-framework\\src\\Concerns\\RoutesRequests.php(357): Laravel\\Lumen\\Application->callControllerCallable(Array, Array)
#23 C:\\xampp\\htdocs\\json\\wisata\\vendor\\laravel\\lumen-framework\\src\\Concerns\\RoutesRequests.php(331): Laravel\\Lumen\\Application->callLumenController(Object(App\\Http\\Controllers\\WisataController), 'create', Array)
#24 C:\\xampp\\htdocs\\json\\wisata\\vendor\\laravel\\lumen-framework\\src\\Concerns\\RoutesRequests.php(284): Laravel\\Lumen\\Application->callControllerAction(Array)
#25 C:\\xampp\\htdocs\\json\\wisata\\vendor\\laravel\\lumen-framework\\src\\Concerns\\RoutesRequests.php(269): Laravel\\Lumen\\Application->callActionOnArrayBasedRoute(Array)
#26 C:\\xampp\\htdocs\\json\\wisata\\vendor\\laravel\\lumen-framework\\src\\Concerns\\RoutesRequests.php(171): Laravel\\Lumen\\Application->handleFoundRoute(Array)
#27 C:\\xampp\\htdocs\\json\\wisata\\vendor\\laravel\\lumen-framework\\src\\Concerns\\RoutesRequests.php(431): Laravel\\Lumen\\Application->Laravel\\Lumen\\Concerns\\{closure}(Object(Laravel\\Lumen\\Http\\Request))
#28 C:\\xampp\\htdocs\\json\\wisata\\vendor\\laravel\\lumen-framework\\src\\Concerns\\RoutesRequests.php(177): Laravel\\Lumen\\Application->sendThroughPipeline(Array, Object(Closure))
#29 C:\\xampp\\htdocs\\json\\wisata\\vendor\\laravel\\lumen-framework\\src\\Concerns\\RoutesRequests.php(112): Laravel\\Lumen\\Application->dispatch(NULL)
#30 C:\\xampp\\htdocs\\json\\wisata\\public\\index.php(28): Laravel\\Lumen\\Application->run()
#31 {main}

[previous exception] [object] (PDOException(code: HY000): SQLSTATE[HY000]: General error: 1364 Field 'kota' doesn't have a default value at C:\\xampp\\htdocs\\json\\wisata\\vendor\\illuminate\\database\\Connection.php:545)
[stacktrace]
#0 C:\\xampp\\htdocs\\json\\wisata\\vendor\\illuminate\\database\\Connection.php(545): PDOStatement->execute()
#1 C:\\xampp\\htdocs\\json\\wisata\\vendor\\illuminate\\database\\Connection.php(753): Illuminate\\Database\\Connection->Illuminate\\Database\\{closure}('insert into `wi...', Array)
#2 C:\\xampp\\htdocs\\json\\wisata\\vendor\\illuminate\\database\\Connection.php(720): Illuminate\\Database\\Connection->runQueryCallback('insert into `wi...', Array, Object(Closure))
#3 C:\\xampp\\htdocs\\json\\wisata\\vendor\\illuminate\\database\\Connection.php(546): Illuminate\\Database\\Connection->run('insert into `wi...', Array, Object(Closure))
#4 C:\\xampp\\htdocs\\json\\wisata\\vendor\\illuminate\\database\\Connection.php(498): Illuminate\\Database\\Connection->statement('insert into `wi...', Array)
#5 C:\\xampp\\htdocs\\json\\wisata\\vendor\\illuminate\\database\\Query\\Processors\\Processor.php(32): Illuminate\\Database\\Connection->insert('insert into `wi...', Array)
#6 C:\\xampp\\htdocs\\json\\wisata\\vendor\\illuminate\\database\\Query\\Builder.php(3322): Illuminate\\Database\\Query\\Processors\\Processor->processInsertGetId(Object(Illuminate\\Database\\Query\\Builder), 'insert into `wi...', Array, 'id_wisata')
#7 C:\\xampp\\htdocs\\json\\wisata\\vendor\\illuminate\\database\\Eloquent\\Builder.php(1869): Illuminate\\Database\\Query\\Builder->insertGetId(Array, 'id_wisata')
#8 C:\\xampp\\htdocs\\json\\wisata\\vendor\\illuminate\\database\\Eloquent\\Model.php(1330): Illuminate\\Database\\Eloquent\\Builder->__call('insertGetId', Array)
#9 C:\\xampp\\htdocs\\json\\wisata\\vendor\\illuminate\\database\\Eloquent\\Model.php(1295): Illuminate\\Database\\Eloquent\\Model->insertAndSetId(Object(Illuminate\\Database\\Eloquent\\Builder), Array)
#10 C:\\xampp\\htdocs\\json\\wisata\\vendor\\illuminate\\database\\Eloquent\\Model.php(1138): Illuminate\\Database\\Eloquent\\Model->performInsert(Object(Illuminate\\Database\\Eloquent\\Builder))
#11 C:\\xampp\\htdocs\\json\\wisata\\vendor\\illuminate\\database\\Eloquent\\Builder.php(986): Illuminate\\Database\\Eloquent\\Model->save()
#12 C:\\xampp\\htdocs\\json\\wisata\\vendor\\illuminate\\support\\helpers.php(306): Illuminate\\Database\\Eloquent\\Builder->Illuminate\\Database\\Eloquent\\{closure}(Object(App\\Models\\Wisata))
#13 C:\\xampp\\htdocs\\json\\wisata\\vendor\\illuminate\\database\\Eloquent\\Builder.php(987): tap(Object(App\\Models\\Wisata), Object(Closure))
#14 C:\\xampp\\htdocs\\json\\wisata\\vendor\\illuminate\\support\\Traits\\ForwardsCalls.php(23): Illuminate\\Database\\Eloquent\\Builder->create(Array)
#15 C:\\xampp\\htdocs\\json\\wisata\\vendor\\illuminate\\database\\Eloquent\\Model.php(2330): Illuminate\\Database\\Eloquent\\Model->forwardCallTo(Object(Illuminate\\Database\\Eloquent\\Builder), 'create', Array)
#16 C:\\xampp\\htdocs\\json\\wisata\\vendor\\illuminate\\database\\Eloquent\\Model.php(2342): Illuminate\\Database\\Eloquent\\Model->__call('create', Array)
#17 C:\\xampp\\htdocs\\json\\wisata\\app\\Http\\Controllers\\WisataController.php(17): Illuminate\\Database\\Eloquent\\Model::__callStatic('create', Array)
#18 C:\\xampp\\htdocs\\json\\wisata\\vendor\\illuminate\\container\\BoundMethod.php(36): App\\Http\\Controllers\\WisataController->create(Object(Laravel\\Lumen\\Http\\Request))
#19 C:\\xampp\\htdocs\\json\\wisata\\vendor\\illuminate\\container\\Util.php(41): Illuminate\\Container\\BoundMethod::Illuminate\\Container\\{closure}()
#20 C:\\xampp\\htdocs\\json\\wisata\\vendor\\illuminate\\container\\BoundMethod.php(93): Illuminate\\Container\\Util::unwrapIfClosure(Object(Closure))
#21 C:\\xampp\\htdocs\\json\\wisata\\vendor\\illuminate\\container\\BoundMethod.php(37): Illuminate\\Container\\BoundMethod::callBoundMethod(Object(Laravel\\Lumen\\Application), Array, Object(Closure))
#22 C:\\xampp\\htdocs\\json\\wisata\\vendor\\illuminate\\container\\Container.php(661): Illuminate\\Container\\BoundMethod::call(Object(Laravel\\Lumen\\Application), Array, Array, NULL)
#23 C:\\xampp\\htdocs\\json\\wisata\\vendor\\laravel\\lumen-framework\\src\\Concerns\\RoutesRequests.php(391): Illuminate\\Container\\Container->call(Array, Array)
#24 C:\\xampp\\htdocs\\json\\wisata\\vendor\\laravel\\lumen-framework\\src\\Concerns\\RoutesRequests.php(357): Laravel\\Lumen\\Application->callControllerCallable(Array, Array)
#25 C:\\xampp\\htdocs\\json\\wisata\\vendor\\laravel\\lumen-framework\\src\\Concerns\\RoutesRequests.php(331): Laravel\\Lumen\\Application->callLumenController(Object(App\\Http\\Controllers\\WisataController), 'create', Array)
#26 C:\\xampp\\htdocs\\json\\wisata\\vendor\\laravel\\lumen-framework\\src\\Concerns\\RoutesRequests.php(284): Laravel\\Lumen\\Application->callControllerAction(Array)
#27 C:\\xampp\\htdocs\\json\\wisata\\vendor\\laravel\\lumen-framework\\src\\Concerns\\RoutesRequests.php(269): Laravel\\Lumen\\Application->callActionOnArrayBasedRoute(Array)
#28 C:\\xampp\\htdocs\\json\\wisata\\vendor\\laravel\\lumen-framework\\src\\Concerns\\RoutesRequests.php(171): Laravel\\Lumen\\Application->handleFoundRoute(Array)
#29 C:\\xampp\\htdocs\\json\\wisata\\vendor\\laravel\\lumen-framework\\src\\Concerns\\RoutesRequests.php(431): Laravel\\Lumen\\Application->Laravel\\Lumen\\Concerns\\{closure}(Object(Laravel\\Lumen\\Http\\Request))
#30 C:\\xampp\\htdocs\\json\\wisata\\vendor\\laravel\\lumen-framework\\src\\Concerns\\RoutesRequests.php(177): Laravel\\Lumen\\Application->sendThroughPipeline(Array, Object(Closure))
#31 C:\\xampp\\htdocs\\json\\wisata\\vendor\\laravel\\lumen-framework\\src\\Concerns\\RoutesRequests.php(112): Laravel\\Lumen\\Application->dispatch(NULL)
#32 C:\\xampp\\htdocs\\json\\wisata\\public\\index.php(28): Laravel\\Lumen\\Application->run()
#33 {main}
"} 
[2025-05-25 08:45:07] local.ERROR: Class "App\Tymon\JWTAuth\Provicers\LumenServiceProvicer" not found {"exception":"[object] (Error(code: 0): Class \"App\\Tymon\\JWTAuth\\Provicers\\LumenServiceProvicer\" not found at C:\\xampp\\htdocs\\json\\wisata\\vendor\\laravel\\lumen-framework\\src\\Application.php:250)
[stacktrace]
#0 C:\\xampp\\htdocs\\json\\wisata\\bootstrap\\app.php(97): Laravel\\Lumen\\Application->register('App\\\\Tymon\\\\JWTAu...')
#1 C:\\xampp\\htdocs\\json\\wisata\\artisan(18): require('C:\\\\xampp\\\\htdocs...')
#2 {main}
"} 
[2025-05-25 08:46:01] local.ERROR: Class "App\Tymon\JWTAuth\Provicers\LumenServiceProvider" not found {"exception":"[object] (Error(code: 0): Class \"App\\Tymon\\JWTAuth\\Provicers\\LumenServiceProvider\" not found at C:\\xampp\\htdocs\\json\\wisata\\vendor\\laravel\\lumen-framework\\src\\Application.php:250)
[stacktrace]
#0 C:\\xampp\\htdocs\\json\\wisata\\bootstrap\\app.php(97): Laravel\\Lumen\\Application->register('App\\\\Tymon\\\\JWTAu...')
#1 C:\\xampp\\htdocs\\json\\wisata\\artisan(18): require('C:\\\\xampp\\\\htdocs...')
#2 {main}
"} 
[2025-05-25 08:46:10] local.ERROR: Class "App\Tymon\JWTAuth\Providers\LumenServiceProvider" not found {"exception":"[object] (Error(code: 0): Class \"App\\Tymon\\JWTAuth\\Providers\\LumenServiceProvider\" not found at C:\\xampp\\htdocs\\json\\wisata\\vendor\\laravel\\lumen-framework\\src\\Application.php:250)
[stacktrace]
#0 C:\\xampp\\htdocs\\json\\wisata\\bootstrap\\app.php(97): Laravel\\Lumen\\Application->register('App\\\\Tymon\\\\JWTAu...')
#1 C:\\xampp\\htdocs\\json\\wisata\\artisan(18): require('C:\\\\xampp\\\\htdocs...')
#2 {main}
"} 
